
=== Build Monitor Started at 2025-07-21T18:01:14.628Z ===
[2025-07-21T18:01:14.629Z] [1m[34mStarting Build Monitor...[0m
[2025-07-21T18:01:14.633Z] Node.js: v24.3.0
[2025-07-21T18:01:14.633Z] Platform: win32 x64
[2025-07-21T18:01:14.634Z] Working Directory: C:\Kiro Repo\gamecompare Kiro\gamecompare.ai
[2025-07-21T18:01:14.635Z] [1m[34mStarting Phase: Pre-Build Validation[0m
[2025-07-21T18:01:14.635Z] Description: Validating build configuration and dependencies
[2025-07-21T18:01:16.930Z] Build configuration validation completed
[2025-07-21T18:01:16.930Z] CPU Usage - User: 0.02s, System: 0.00s
[2025-07-21T18:01:16.931Z] Memory Delta - RSS: +1.49 MB, Heap: --7.02 KB
[2025-07-21T18:01:16.931Z] [1m[32mPhase COMPLETED: Pre-Build Validation (2.3s)[0m
[2025-07-21T18:01:16.932Z] [1m[34mStarting Phase: Build Process[0m
[2025-07-21T18:01:16.932Z] Description: Running Next.js build
[2025-07-21T18:01:16.932Z] Cleaning previous build...
[2025-07-21T18:01:17.335Z] Executing: npm run build
[2025-07-21T18:03:43.076Z] Command completed in 2.4m
[2025-07-21T18:03:43.077Z] Command output:
[2025-07-21T18:03:43.077Z] > gamecompare-ai@0.1.0 build
> npm run install:deps && npm run pre-build && next build && npm run validate:post-build


> gamecompare-ai@0.1.0 install:deps
> npm ci --include=dev


added 1423 packages, and audited 1424 packages in 57s

219 packages are looking for funding
  run `npm fund` for details

found 0 vulnerabilities

> gamecompare-ai@0.1.0 pre-build
> node scripts/pre-build-validation.js

[0m[1m[34mStarting pre-build validation...[0m[0m
[0m[34m[1/3][0m Validating required dependencies...[0m
[0m[32m✓[0m typescript is available[0m
[0m[32m✓[0m eslint is available[0m
[0m[32m✓[0m @types/react is available[0m
[0m[32m✓[0m @types/react-dom is available[0m
[0m[32m✓[0m @types/node is available[0m
[0m[32m✓[0m next is available[0m
[0m[32m✓[0m All required dependencies are available[0m
[0m[34m[2/3][0m Running TypeScript compilation check...[0m
[0m[33m⚠[0m Skipping full TypeScript check due to test file type issues[0m
[0m[33m⚠[0m TypeScript will be validated during the actual Next.js build process[0m
[0m[32m✓[0m TypeScript configuration is valid[0m
[0m[34m[3/3][0m Running ESLint validation...[0m
[0m[32m✓[0m ESLint validation passed[0m
[0m[1m[32m✓ All pre-build validations passed![0m[0m
  ▲ Next.js 14.2.30

   Linting and checking validity of types ...
   Creating an optimized production build ...
 ✓ Compiled successfully
   Collecting page data ...
   Generating static pages (0/3) ...
 ✓ Generating static pages (3/3)
   Finalizing page optimization ...
   Collecting build traces ...

Route (pages)                           Size     First Load JS
┌ ○ /                                   4.99 kB        84.5 kB
├   /_app                               0 B            79.5 kB
└ ○ /404                                180 B          79.7 kB
+ First Load JS shared by all           84.3 kB
  └ chunks/vendors-7c6f9dd5cd3e1b42.js  78.3 kB
  └ other shared chunks (total)         5.99 kB

○  (Static)  prerendered as static content


> gamecompare-ai@0.1.0 validate:post-build
> node scripts/post-build-validator.js

[0m[2025-07-21T18:03:42.956Z] [1m[34mStarting post-build validation...[0m[0m
[0m[2025-07-21T18:03:42.957Z] [34m[1/7][0m Validating build directory structure...[0m
[0m[2025-07-21T18:03:42.957Z] [32m✓[0m .next directory exists[0m
[0m[2025-07-21T18:03:42.958Z] [32m✓[0m .next/static exists[0m
[0m[2025-07-21T18:03:42.958Z] [32m✓[0m .next/server exists[0m
[0m[2025-07-21T18:03:42.958Z] [32m✓[0m .next/BUILD_ID exists[0m
[0m[2025-07-21T18:03:42.958Z] [32m✓[0m Build ID: -C6FDQPlJS-Lq1T2zC5jK[0m
[0m[2025-07-21T18:03:42.958Z] [32m✓[0m Build directory structure is valid[0m
[0m[2025-07-21T18:03:42.958Z] [34m[2/7][0m Validating static assets...[0m
[0m[2025-07-21T18:03:42.958Z] [32m✓[0m JavaScript chunks generated: 4[0m
[0m[2025-07-21T18:03:42.958Z] [32m✓[0m Main application chunks found: 1[0m
[0m[2025-07-21T18:03:42.959Z] [32m✓[0m CSS files generated: 1[0m
[0m[2025-07-21T18:03:42.959Z] [32m✓[0m Static assets validation completed[0m
[0m[2025-07-21T18:03:42.959Z] [34m[3/7][0m Validating server-side assets...[0m
[0m[2025-07-21T18:03:42.959Z] [32m✓[0m Server pages generated: 6[0m
[0m[2025-07-21T18:03:42.959Z] [32m✓[0m Server-side assets validation completed[0m
[0m[2025-07-21T18:03:42.959Z] [34m[4/7][0m Analyzing bundle sizes...[0m
[0m[2025-07-21T18:03:42.960Z] [32m✓[0m Total JavaScript files: 7[0m
[0m[2025-07-21T18:03:42.960Z] [32m✓[0m Largest JavaScript bundles:[0m
[0m[2025-07-21T18:03:42.960Z]   - vendors-7c6f9dd5cd3e1b42.js: 250.29 KB[0m
[0m[2025-07-21T18:03:42.960Z]   - polyfills-42372ed130431b0a.js: 109.96 KB[0m
[0m[2025-07-21T18:03:42.960Z]   - pages\index-6c8846d198e60ab7.js: 17.51 KB[0m
[0m[2025-07-21T18:03:42.960Z]   - webpack-8fa1640cc84ba8fe.js: 1.4 KB[0m
[0m[2025-07-21T18:03:42.960Z]   - pages\_app-c6c1a229084a7119.js: 469 B[0m
[0m[2025-07-21T18:03:42.960Z] [32m✓[0m Total JavaScript bundle size: 0.37 MB[0m
[0m[2025-07-21T18:03:42.960Z] [32m✓[0m Bundle size analysis completed[0m
[0m[2025-07-21T18:03:42.960Z] [34m[5/7][0m Validating build manifest...[0m
[0m[2025-07-21T18:03:42.961Z] [32m✓[0m Pages in manifest: 3[0m
[0m[2025-07-21T18:03:42.961Z] [32m✓[0m Development files excluded from production build[0m
[0m[2025-07-21T18:03:42.961Z] [32m✓[0m Build manifest is valid[0m
[0m[2025-07-21T18:03:42.961Z] [32m✓[0m Pre-rendered routes: 0[0m
[0m[2025-07-21T18:03:42.961Z] [32m✓[0m Prerender manifest is valid[0m
[0m[2025-07-21T18:03:42.961Z] [34m[6/7][0m Validating TypeScript compilation...[0m
[0m[2025-07-21T18:03:42.961Z] [32m✓[0m TypeScript incremental build info found[0m
[0m[2025-07-21T18:03:42.962Z] [32m✓[0m TypeScript files properly compiled to JavaScript[0m
[0m[2025-07-21T18:03:42.962Z] [32m✓[0m TypeScript compilation validation completed[0m
[0m[2025-07-21T18:03:42.962Z] [34m[7/7][0m Validating deployment readiness...[0m
[0m[2025-07-21T18:03:42.962Z] [32m✓[0m Deployment readiness: 5 passed, 0 failed, 1 warnings[0m
[0m[2025-07-21T18:03:42.962Z] [33m⚠[0m Deployment readiness warnings:[0m
[0m[2025-07-21T18:03:42.962Z] [33m⚠[0m   - Environment variables[0m
[0m[2025-07-21T18:03:42.962Z] [32m✓[0m Deployment readiness validation completed[0m
[0m[2025-07-21T18:03:43.043Z] [32m✓[0m Post-build validation report generated: C:\Kiro Repo\gamecompare Kiro\gamecompare.ai\post-build-report.json[0m
[0m[2025-07-21T18:03:43.044Z] [1m[32m✓ Post-build validation completed successfully![0m[0m
[2025-07-21T18:03:43.078Z] CPU Usage - User: 0.03s, System: 0.36s
[2025-07-21T18:03:43.079Z] Memory Delta - RSS: --340 KB, Heap: +120.42 KB
[2025-07-21T18:03:43.079Z] [1m[32mPhase COMPLETED: Build Process (2.4m)[0m
[2025-07-21T18:03:43.080Z] [1m[34mStarting Phase: Post-Build Validation[0m
[2025-07-21T18:03:43.080Z] Description: Validating build output and assets
[2025-07-21T18:03:43.093Z] Post-build validation completed
[2025-07-21T18:03:43.094Z] CPU Usage - User: 0.00s, System: 0.00s
[2025-07-21T18:03:43.094Z] Memory Delta - RSS: +488 KB, Heap: +307.16 KB
[2025-07-21T18:03:43.094Z] [1m[32mPhase COMPLETED: Post-Build Validation (14ms)[0m
[2025-07-21T18:03:43.095Z] Build report generated: C:\Kiro Repo\gamecompare Kiro\gamecompare.ai\build-monitor-report.json
[2025-07-21T18:03:43.096Z] [1mBuild Summary:[0m
[2025-07-21T18:03:43.096Z] Total Duration: 2.5m
[2025-07-21T18:03:43.096Z] Phases: 3 successful, 0 failed
[2025-07-21T18:03:43.097Z] [1m[32m✓ Build completed successfully![0m
